<?xml version="1.0" encoding="UTF-8"?><testsuite failures="0" name="cucumber.runtime.formatter.JUnitFormatter" skipped="0" tests="2" time="0.155781">
<testcase classname="Free CRM app test" name="free crm create deal test" time="0.15494">
<system-out><![CDATA[Given user is on deal page..................................................passed
When user fills the deals form..............................................passed
Then deal is created........................................................passed
]]></system-out>
</testcase>
<testcase classname="Free CRM app test" name="free crm create contact test" time="0.000841">
<system-out><![CDATA[Given user is on contact page...............................................passed
When user fills the contact form............................................passed
Then contact is created.....................................................passed
]]></system-out>
</testcase>
</testsuite>
